 END OF READING
 NUMBER OF NODES = 12, NUMBER OF ARCS = 20
 CONSTRUCT LINKED LISTS FOR THE PROBLEM
 CALLING RELAX4 TO SOLVE THE PROBLEM
 ***********************************
 TOTAL SOLUTION TIME =  0. SECS.
 TIME IN INITIALIZATION =  0. SECS.
   3 7  1.
   4 9  1.
   5 6  1.
   6 4  1.
   7 8  1.
   8 5  1.
 OPTIMAL COST =  -26.
 NUMBER OF AUCTION/SHORTEST PATH ITERATIONS = 42
 NUMBER OF ITERATIONS =  10
 NUMBER OF MULTINODE ITERATIONS =  1
 NUMBER OF MULTINODE ASCENT STEPS =  1
 NUMBER OF REGULAR AUGMENTATIONS =  1
 ***********************************

I -> 6 -> 7 -> 4 -> 5 -> 3 -> F